<?xml version="1.0" encoding="UTF-8"?>
<!-- Generated by org.testng.reporters.JUnitXMLReporter -->
<testsuite hostname="DESKTOP-05KEVR3" ignored="0" name="Default test" tests="6" failures="0" timestamp="05 Jan 2020 11:24:36 GMT" time="23.916" errors="0">
  <testcase name="verifyHomePageTitleTest" time="0.129" classname="com.qa.demowebshop.tests.RegistrationPageTest"/>
  <testcase name="verifyisRegisterLinkExistsTest" time="0.105" classname="com.qa.demowebshop.tests.RegistrationPageTest"/>
  <testcase name="verifyRegisterLinkclickTest" time="0.568" classname="com.qa.demowebshop.tests.RegistrationPageTest"/>
  <testcase name="verifyRegistationPageTitleTest" time="0.018" classname="com.qa.demowebshop.tests.RegistrationPageTest"/>
  <testcase name="createNewRegisterTest" time="6.572" classname="com.qa.demowebshop.tests.RegistrationPageTest"/>
  <testcase name="createNewRegisterTest" time="6.167" classname="com.qa.demowebshop.tests.RegistrationPageTest"/>
</testsuite> <!-- Default test -->
